Android/AppNotificacao/app/build/intermediates/manifest_merge_blame_file/debug/manifest-merger-blame-debug-report.txt
1<?xml version="1.0" encoding="utf-8"?>
2<manifest xmlns:android="http://schemas.android.com/apk/res/android"
3    package="com.example.appnotificacao"
4    android:versionCode="1"
5    android:versionName="1.0" >
6
7    <uses-sdk
8        android:minSdkVersion="16"
8-->src\main\AndroidManifest.xml
9        android:targetSdkVersion="29" />
9-->src\main\AndroidManifest.xml
10
11    <!-- Required permission for App measurement to run. -->
12    <uses-permission android:name="android.permission.INTERNET" />
12-->[com.google.android.gms:play-services-measurement:17.2.2] AndroidManifest.xml:23:5-67
12-->[com.google.android.gms:play-services-measurement:17.2.2] AndroidManifest.xml:23:22-64
13    <uses-permission android:name="android.permission.ACCESS_NETWORK_STATE" />
13-->[com.google.android.gms:play-services-measurement:17.2.2] AndroidManifest.xml:24:5-79
13-->[com.google.android.gms:play-services-measurement:17.2.2] AndroidManifest.xml:24:22-76
14    <uses-permission android:name="android.permission.WAKE_LOCK" />
14-->[com.google.android.gms:play-services-measurement:17.2.2] AndroidManifest.xml:25:5-68
14-->[com.google.android.gms:play-services-measurement:17.2.2] AndroidManifest.xml:25:22-65
15    <uses-permission android:name="com.google.android.finsky.permission.BIND_GET_INSTALL_REFERRER_SERVICE" /> <!-- Required by older versions of Google Play services to create IID tokens -->
15-->[com.google.android.gms:play-services-measurement:17.2.2] AndroidManifest.xml:26:5-110
15-->[com.google.android.gms:play-services-measurement:17.2.2] AndroidManifest.xml:26:22-107
16    <uses-permission android:name="com.google.android.c2dm.permission.RECEIVE" />
16-->[com.google.firebase:firebase-iid:20.0.2] AndroidManifest.xml:26:5-82
16-->[com.google.firebase:firebase-iid:20.0.2] AndroidManifest.xml:26:22-79
17
18    <application
18-->src\main\AndroidManifest.xml:5:5-26:19
19        android:allowBackup="true"
19-->src\main\AndroidManifest.xml:6:9-35
20        android:appComponentFactory="androidx.core.app.CoreComponentFactory"
20-->[androidx.core:core:1.1.0] AndroidManifest.xml:24:18-86
21        android:debuggable="true"
22        android:icon="@mipmap/ic_launcher"
22-->src\main\AndroidManifest.xml:7:9-43
23        android:label="@string/app_name"
23-->src\main\AndroidManifest.xml:8:9-41
24        android:roundIcon="@mipmap/ic_launcher_round"
24-->src\main\AndroidManifest.xml:9:9-54
25        android:supportsRtl="true"
25-->src\main\AndroidManifest.xml:10:9-35
26        android:testOnly="true"
27        android:theme="@style/AppTheme" >
27-->src\main\AndroidManifest.xml:11:9-40
28        <activity android:name="com.example.appnotificacao.TesteActivity" />
28-->src\main\AndroidManifest.xml:12:9-60
28-->src\main\AndroidManifest.xml:12:19-48
29        <activity android:name="com.example.appnotificacao.MainActivity" >
29-->src\main\AndroidManifest.xml:13:9-19:20
29-->src\main\AndroidManifest.xml:13:19-47
30            <intent-filter>
30-->src\main\AndroidManifest.xml:14:13-18:29
31                <action android:name="android.intent.action.MAIN" />
31-->src\main\AndroidManifest.xml:15:17-69
31-->src\main\AndroidManifest.xml:15:25-66
32
33                <category android:name="android.intent.category.LAUNCHER" />
33-->src\main\AndroidManifest.xml:17:17-77
33-->src\main\AndroidManifest.xml:17:27-74
34            </intent-filter>
35        </activity>
36
37        <service android:name="com.example.appnotificacao.push.PushFirebaseMessagingService" >
37-->src\main\AndroidManifest.xml:21:9-25:19
37-->src\main\AndroidManifest.xml:21:18-67
38            <intent-filter>
38-->src\main\AndroidManifest.xml:22:13-24:29
39                <action android:name="com.google.firebase.INSTANCE_ID_EVENT" />
39-->src\main\AndroidManifest.xml:23:17-79
39-->src\main\AndroidManifest.xml:23:25-77
40            </intent-filter>
41        </service>
42        <!--
43             FirebaseMessagingService performs security checks at runtime,
44             but set to not exported to explicitly avoid allowing another app to call it.
45        -->
46        <service
46-->[com.google.firebase:firebase-messaging:20.1.0] AndroidManifest.xml:28:9-34:19
47            android:name="com.google.firebase.messaging.FirebaseMessagingService"
47-->[com.google.firebase:firebase-messaging:20.1.0] AndroidManifest.xml:29:13-82
48            android:exported="false" >
48-->[com.google.firebase:firebase-messaging:20.1.0] AndroidManifest.xml:30:13-37
49            <intent-filter android:priority="-500" >
49-->[com.google.firebase:firebase-messaging:20.1.0] AndroidManifest.xml:31:13-33:29
49-->[com.google.firebase:firebase-messaging:20.1.0] AndroidManifest.xml:31:28-51
50                <action android:name="com.google.firebase.MESSAGING_EVENT" />
50-->[com.google.firebase:firebase-messaging:20.1.0] AndroidManifest.xml:32:17-78
50-->[com.google.firebase:firebase-messaging:20.1.0] AndroidManifest.xml:32:25-75
51            </intent-filter>
52        </service>
53        <service
53-->[com.google.firebase:firebase-messaging:20.1.0] AndroidManifest.xml:35:9-41:19
54            android:name="com.google.firebase.components.ComponentDiscoveryService"
54-->[com.google.firebase:firebase-messaging:20.1.0] AndroidManifest.xml:36:13-84
55            android:directBootAware="true"
55-->[com.google.firebase:firebase-common:19.3.0] AndroidManifest.xml:34:13-43
56            android:exported="false" >
56-->[com.google.firebase:firebase-messaging:20.1.0] AndroidManifest.xml:37:13-37
57            <meta-data
57-->[com.google.firebase:firebase-messaging:20.1.0] AndroidManifest.xml:38:13-40:85
58                android:name="com.google.firebase.components:com.google.firebase.messaging.FirebaseMessagingRegistrar"
58-->[com.google.firebase:firebase-messaging:20.1.0] AndroidManifest.xml:39:17-119
59                android:value="com.google.firebase.components.ComponentRegistrar" />
59-->[com.google.firebase:firebase-messaging:20.1.0] AndroidManifest.xml:40:17-82
60            <meta-data
60-->[com.google.android.gms:play-services-measurement-api:17.2.2] AndroidManifest.xml:30:13-32:85
61                android:name="com.google.firebase.components:com.google.firebase.analytics.connector.internal.AnalyticsConnectorRegistrar"
61-->[com.google.android.gms:play-services-measurement-api:17.2.2] AndroidManifest.xml:31:17-139
62                android:value="com.google.firebase.components.ComponentRegistrar" />
62-->[com.google.android.gms:play-services-measurement-api:17.2.2] AndroidManifest.xml:32:17-82
63            <meta-data
63-->[com.google.firebase:firebase-datatransport:17.0.3] AndroidManifest.xml:28:13-30:85
64                android:name="com.google.firebase.components:com.google.firebase.datatransport.TransportRegistrar"
64-->[com.google.firebase:firebase-datatransport:17.0.3] AndroidManifest.xml:29:17-115
65                android:value="com.google.firebase.components.ComponentRegistrar" />
65-->[com.google.firebase:firebase-datatransport:17.0.3] AndroidManifest.xml:30:17-82
66            <meta-data
66-->[com.google.firebase:firebase-iid:20.0.2] AndroidManifest.xml:32:13-34:85
67                android:name="com.google.firebase.components:com.google.firebase.iid.Registrar"
67-->[com.google.firebase:firebase-iid:20.0.2] AndroidManifest.xml:33:17-96
68                android:value="com.google.firebase.components.ComponentRegistrar" />
68-->[com.google.firebase:firebase-iid:20.0.2] AndroidManifest.xml:34:17-82
69        </service>
70
71        <receiver
71-->[com.google.android.gms:play-services-measurement:17.2.2] AndroidManifest.xml:29:9-33:20
72            android:name="com.google.android.gms.measurement.AppMeasurementReceiver"
72-->[com.google.android.gms:play-services-measurement:17.2.2] AndroidManifest.xml:30:13-85
73            android:enabled="true"
73-->[com.google.android.gms:play-services-measurement:17.2.2] AndroidManifest.xml:31:13-35
74            android:exported="false" >
74-->[com.google.android.gms:play-services-measurement:17.2.2] AndroidManifest.xml:32:13-37
75        </receiver>
76        <receiver
76-->[com.google.android.gms:play-services-measurement:17.2.2] AndroidManifest.xml:34:9-42:20
77            android:name="com.google.android.gms.measurement.AppMeasurementInstallReferrerReceiver"
77-->[com.google.android.gms:play-services-measurement:17.2.2] AndroidManifest.xml:35:13-100
78            android:enabled="true"
78-->[com.google.android.gms:play-services-measurement:17.2.2] AndroidManifest.xml:36:13-35
79            android:exported="true"
79-->[com.google.android.gms:play-services-measurement:17.2.2] AndroidManifest.xml:37:13-36
80            android:permission="android.permission.INSTALL_PACKAGES" >
80-->[com.google.android.gms:play-services-measurement:17.2.2] AndroidManifest.xml:38:13-69
81            <intent-filter>
81-->[com.google.android.gms:play-services-measurement:17.2.2] AndroidManifest.xml:39:13-41:29
82                <action android:name="com.android.vending.INSTALL_REFERRER" />
82-->[com.google.android.gms:play-services-measurement:17.2.2] AndroidManifest.xml:40:17-79
82-->[com.google.android.gms:play-services-measurement:17.2.2] AndroidManifest.xml:40:25-76
83            </intent-filter>
84        </receiver>
85
86        <service
86-->[com.google.android.gms:play-services-measurement:17.2.2] AndroidManifest.xml:44:9-47:40
87            android:name="com.google.android.gms.measurement.AppMeasurementService"
87-->[com.google.android.gms:play-services-measurement:17.2.2] AndroidManifest.xml:45:13-84
88            android:enabled="true"
88-->[com.google.android.gms:play-services-measurement:17.2.2] AndroidManifest.xml:46:13-35
89            android:exported="false" />
89-->[com.google.android.gms:play-services-measurement:17.2.2] AndroidManifest.xml:47:13-37
90        <service
90-->[com.google.android.gms:play-services-measurement:17.2.2] AndroidManifest.xml:48:9-52:72
91            android:name="com.google.android.gms.measurement.AppMeasurementJobService"
91-->[com.google.android.gms:play-services-measurement:17.2.2] AndroidManifest.xml:49:13-87
92            android:enabled="true"
92-->[com.google.android.gms:play-services-measurement:17.2.2] AndroidManifest.xml:50:13-35
93            android:exported="false"
93-->[com.google.android.gms:play-services-measurement:17.2.2] AndroidManifest.xml:51:13-37
94            android:permission="android.permission.BIND_JOB_SERVICE" />
94-->[com.google.android.gms:play-services-measurement:17.2.2] AndroidManifest.xml:52:13-69
95
96        <receiver
96-->[com.google.firebase:firebase-iid:20.0.2] AndroidManifest.xml:37:9-44:20
97            android:name="com.google.firebase.iid.FirebaseInstanceIdReceiver"
97-->[com.google.firebase:firebase-iid:20.0.2] AndroidManifest.xml:38:13-78
98            android:exported="true"
98-->[com.google.firebase:firebase-iid:20.0.2] AndroidManifest.xml:39:13-36
99            android:permission="com.google.android.c2dm.permission.SEND" >
99-->[com.google.firebase:firebase-iid:20.0.2] AndroidManifest.xml:40:13-73
100            <intent-filter>
100-->[com.google.firebase:firebase-iid:20.0.2] AndroidManifest.xml:41:13-43:29
101                <action android:name="com.google.android.c2dm.intent.RECEIVE" />
101-->[com.google.firebase:firebase-iid:20.0.2] AndroidManifest.xml:42:17-81
101-->[com.google.firebase:firebase-iid:20.0.2] AndroidManifest.xml:42:25-78
102            </intent-filter>
103        </receiver>
104
105        <provider
105-->[com.google.firebase:firebase-common:19.3.0] AndroidManifest.xml:26:9-30:39
106            android:name="com.google.firebase.provider.FirebaseInitProvider"
106-->[com.google.firebase:firebase-common:19.3.0] AndroidManifest.xml:27:13-77
107            android:authorities="com.example.appnotificacao.firebaseinitprovider"
107-->[com.google.firebase:firebase-common:19.3.0] AndroidManifest.xml:28:13-72
108            android:exported="false"
108-->[com.google.firebase:firebase-common:19.3.0] AndroidManifest.xml:29:13-37
109            android:initOrder="100" />
109-->[com.google.firebase:firebase-common:19.3.0] AndroidManifest.xml:30:13-36
110
111        <activity
111-->[com.google.android.gms:play-services-base:17.0.0] AndroidManifest.xml:23:9-26:75
112            android:name="com.google.android.gms.common.api.GoogleApiActivity"
112-->[com.google.android.gms:play-services-base:17.0.0] AndroidManifest.xml:24:13-79
113            android:exported="false"
113-->[com.google.android.gms:play-services-base:17.0.0] AndroidManifest.xml:25:13-37
114            android:theme="@android:style/Theme.Translucent.NoTitleBar" />
114-->[com.google.android.gms:play-services-base:17.0.0] AndroidManifest.xml:26:13-72
115
116        <meta-data
116-->[com.google.android.gms:play-services-basement:17.0.0] AndroidManifest.xml:23:9-25:69
117            android:name="com.google.android.gms.version"
117-->[com.google.android.gms:play-services-basement:17.0.0] AndroidManifest.xml:24:13-58
118            android:value="@integer/google_play_services_version" />
118-->[com.google.android.gms:play-services-basement:17.0.0] AndroidManifest.xml:25:13-66
119
120        <service
120-->[com.google.android.datatransport:transport-backend-cct:2.2.0] AndroidManifest.xml:29:9-35:19
121            android:name="com.google.android.datatransport.runtime.backends.TransportBackendDiscovery"
121-->[com.google.android.datatransport:transport-backend-cct:2.2.0] AndroidManifest.xml:30:13-103
122            android:exported="false" >
122-->[com.google.android.datatransport:transport-backend-cct:2.2.0] AndroidManifest.xml:31:13-37
123            <meta-data
123-->[com.google.android.datatransport:transport-backend-cct:2.2.0] AndroidManifest.xml:32:13-34:39
124                android:name="backend:com.google.android.datatransport.cct.CctBackendFactory"
124-->[com.google.android.datatransport:transport-backend-cct:2.2.0] AndroidManifest.xml:33:17-94
125                android:value="cct" />
125-->[com.google.android.datatransport:transport-backend-cct:2.2.0] AndroidManifest.xml:34:17-36
126        </service>
127        <service
127-->[com.google.android.datatransport:transport-runtime:2.2.0] AndroidManifest.xml:26:9-30:19
128            android:name="com.google.android.datatransport.runtime.scheduling.jobscheduling.JobInfoSchedulerService"
128-->[com.google.android.datatransport:transport-runtime:2.2.0] AndroidManifest.xml:27:13-117
129            android:exported="false"
129-->[com.google.android.datatransport:transport-runtime:2.2.0] AndroidManifest.xml:28:13-37
130            android:permission="android.permission.BIND_JOB_SERVICE" >
130-->[com.google.android.datatransport:transport-runtime:2.2.0] AndroidManifest.xml:29:13-69
131        </service>
132
133        <receiver
133-->[com.google.android.datatransport:transport-runtime:2.2.0] AndroidManifest.xml:32:9-34:40
134            android:name="com.google.android.datatransport.runtime.scheduling.jobscheduling.AlarmManagerSchedulerBroadcastReceiver"
134-->[com.google.android.datatransport:transport-runtime:2.2.0] AndroidManifest.xml:33:13-132
135            android:exported="false" />
135-->[com.google.android.datatransport:transport-runtime:2.2.0] AndroidManifest.xml:34:13-37
136    </application>
137
138</manifest>